<?xml version="1.0" encoding="UTF-8" ?>
<testsuite tests="12" failures="0" name="model.souhu.SouhuDreamPageProcessorTest" time="0.133" errors="0" skipped="0">
  <properties>
[...]
</properties>
  <testcase classname="model.souhu.SouhuDreamPageProcessorTest" name="testAddExtraInfoWhenHandleListPage" time="0.001"/>
  <testcase classname="model.souhu.SouhuDreamPageProcessorTest" name="testMain" time="0"/>
  <testcase classname="model.souhu.SouhuDreamPageProcessorTest" name="testProcess" time="0"/>
  <testcase classname="model.souhu.SouhuDreamPageProcessorTest" name="testGetSite" time="0"/>
  <testcase classname="model.souhu.SouhuDreamPageProcessorTest" name="testSetPicAndContent" time="0"/>
  <testcase classname="model.souhu.SouhuDreamPageProcessorTest" name="testSetUrlAndId" time="0"/>
  <testcase classname="model.souhu.SouhuDreamPageProcessorTest" name="testHandleListPage" time="0"/>
  <testcase classname="model.souhu.SouhuDreamPageProcessorTest" name="testAfterProcess" time="0"/>
  <testcase classname="model.souhu.SouhuDreamPageProcessorTest" name="testSetSourceFrom" time="0"/>
  <testcase classname="model.souhu.SouhuDreamPageProcessorTest" name="testSetCategory" time="0"/>
  <testcase classname="model.souhu.SouhuDreamPageProcessorTest" name="testSetDate" time="0"/>
  <testcase classname="model.souhu.SouhuDreamPageProcessorTest" name="testSetTitle" time="0"/>
</testsuite>